-26.982422 668.322388
-29.003906 -93.646469
-27.949219 592.797180
-28.959961 -390.238373
-27.026201 237.469696
-27.993013 -27.414764
-27.026367 534.299927
-26.015478 -166.585526
-26.982309 452.476990
-27.993164 -522.694214
-25.971680 427.528656
-27.993164 -17.478323
-26.982422 349.238220
-27.993073 -342.615692
-25.971680 334.813782
-26.982422 -322.154907
-25.971598 514.032043
-24.960869 -174.782562
-26.015625 480.720398
-27.026367 -447.620056
-24.960938 584.912842
-26.982422 -242.716690
-25.971573 604.603943
-26.982382 -260.822388
-25.004883 422.973083
-26.015625 -316.976837
-25.004780 636.802612
-23.994087 -9.826101
-24.960938 481.250000
-25.971680 -586.312195
-23.994141 624.585510
-26.015625 -244.706085
-25.004883 665.411865
-26.015625 -346.670685
-24.038086 708.636963
-25.004883 -234.670700
-24.038052 766.790161
-22.983398 211.630493
-23.994141 270.156036
-25.004883 -157.113403
-22.983398 779.006104
-25.004883 85.190750
-23.950195 575.703064
-24.960917 -321.995819
-22.983408 728.885437
-23.994141 -142.168777
-23.027300 772.886414
-22.016607 500.560547
-22.983364 271.430145
-23.994141 -36.639236
-22.016602 826.438110
-23.994141 -127.213791
-22.983423 826.525146
-23.994141 -293.676788
-22.016602 783.328186
-22.983398 -47.293816
-22.016621 909.311768
-21.005913 295.372528
-21.972656 790.567261
-23.027344 -175.902161
-21.005859 1015.138062
-23.027296 -39.236095
-21.972685 918.058594
-22.983398 -215.864395
-21.005859 1080.089600
-22.016602 101.844177
-21.005859 1024.630249
-19.995117 232.511566
-21.049805 930.615112
-22.016602 -21.020447
-19.995117 932.504028
-21.972651 264.770264
-21.005880 1006.076050
-21.972677 -18.664991
-20.039062 848.106812
-21.005859 181.530228
-19.995117 928.866699
-18.984390 95.786133
-19.995117 960.395996
-21.005819 -50.558960
-18.984392 997.070068
-21.005859 15.069642
-20.039062 1089.980225
-21.005859 21.668293
-18.984375 877.736328
-19.995117 201.524933
-18.984375 883.536743
-17.973633 312.366913
-18.984375 734.789124
-19.995119 59.102066
-17.973633 867.876709
-19.995117 789.394165
-19.028320 223.353088
-19.995100 896.098145
-17.973677 -15.858898
-18.984375 840.449585
-17.973633 122.110069
-17.006859 898.828857
-18.017578 -104.250626
-18.984375 850.848999
-17.006838 -185.923477
-19.028337 840.318054
-18.017578 -23.753876
-19.028292 797.430176
-17.006836 -170.645081
-18.017550 701.924377
-16.962891 -89.752655
-15.996094 650.456909
-16.962891 -194.222488
-18.017578 738.948364
-15.996099 -277.897583
-18.017578 766.408203
-17.006836 -159.597061
-17.973587 696.395325
-15.996094 -289.921295
-17.006836 556.398499
-15.996094 -147.995575
-14.985369 589.845886
-15.996094 -327.218048
-17.006849 658.993896
-14.985353 -452.509460
-17.006836 598.153748
-15.996094 -199.039032
-17.006836 605.564087
-14.985352 -311.332520
-15.996094 498.528870
-14.985352 -218.965073
-13.974609 666.994873
-15.029297 -396.772583
-15.996094 470.199768
-14.018555 -279.974121
-15.996102 411.664551
-14.985387 -364.400818
-15.996094 519.670166
-14.018558 -196.941864
-14.985352 235.256470
-13.974595 -133.256790
-13.007812 692.517700
-13.974631 -366.997864
-14.985338 423.441193
-12.963889 -180.831009
-15.029297 237.898254
-13.974602 -239.875351
-15.029314 279.932098
-13.007812 86.863251
-13.974630 -222.730392
-13.007854 586.279236
-11.997117 171.193222
-13.007812 402.444824
-14.018555 -459.616577
-11.997070 812.941040
-13.974609 -241.879883
-13.007827 617.739136
-14.018555 -518.079224
-11.997088 722.656555
-12.963867 -279.108673
-11.997070 803.087036
-10.986328 -195.605225
-11.997070 636.906128
-12.963867 -349.981628
-10.986346 542.895935
-12.963867 -83.546387
-11.997070 757.734131
-13.007812 -369.701660
-10.986328 586.828247
-11.997070 -81.194954
-10.986293 606.972717
-9.975586 -37.856438
-10.986320 503.366058
-11.997070 -232.833466
-10.019534 573.625000
-11.997070 229.409042
-10.986328 248.205597
-11.997093 404.189270
-10.019528 -276.424561
-10.986328 576.608154
-10.019552 -249.279709
-9.008817 810.179688
-9.975586 -392.748138
-10.986328 511.125214
-9.008789 -320.042786
-10.986328 549.300964
-9.975586 -379.546509
-10.986328 640.204468
-9.008789 -276.272034
-9.975595 503.646912
-9.008789 -191.987991
-7.998076 621.704163
-9.008775 -358.363373
-9.975586 526.355713
-7.998047 -215.913818
-9.975586 405.783020
-9.008789 -243.544174
-9.975595 521.228210
-7.998047 -305.305817
-9.052734 406.477081
-7.998047 -145.616577
-6.987305 296.413940
-7.998047 -185.225433
-9.008803 520.945312
-6.987305 -496.069183
-9.008789 551.267883
-7.998047 -295.913361
-9.008789 602.465698
-7.031250 -500.731781
-7.998047 463.928223
-6.987305 -551.372681
-5.976562 400.088928
-6.987285 -562.950134
-7.997990 447.794678
-5.976562 -577.390137
-7.998047 446.790619
-6.987305 -345.363953
-7.998047 302.627594
-5.976562 -519.438171
-6.987305 257.081299
-5.976562 -361.616974
-5.009766 577.135864
-6.020508 -447.012878
-6.987341 296.835236
-5.009793 -554.885315
-6.987305 290.555054
-5.976562 -426.927155
-6.987350 218.082001
-5.009766 -325.743408
-5.976562 249.453873
-5.009770 -272.860138
-3.999060 624.601074
-5.009766 -570.425110
-6.020508 475.360657
-3.955085 -339.308411
-6.020526 216.336426
-5.009766 -282.267639
-6.020535 253.728973
-3.999020 -328.473663
-5.009766 204.291687
-3.999023 113.915939
-2.988281 -27.976368
-3.999023 141.219055
-5.009766 -625.616699
-2.988329 604.072815
-5.009766 -543.491394
-3.999023 482.861359
-5.009806 -603.158142
-2.988281 666.320190
-3.999023 -446.592224
-2.988281 617.137817
-1.977545 -183.707916
-3.032227 333.035248
-3.999033 -455.136841
-1.977598 512.236267
-3.999062 -448.857605
-2.988281 584.313721
-3.999023 -460.150940
-1.977539 396.257355
-2.988281 -291.553070
-1.977542 536.112427
-0.966799 -178.176498
-2.021521 529.793518
-2.988336 -463.051117
-1.010776 544.845703
-2.988281 -445.385773
-1.977539 525.105103
-3.032227 -390.119446
-1.010742 634.607422
-1.977539 -367.240601
-0.966836 552.611755
0.000000 -3.782215
-1.010742 365.169952
-2.021484 -293.255737
-0.000009 469.788879
-2.021509 -242.948074
-0.966797 437.646301
-2.021477 -411.948822
-0.043966 563.579468
-1.010742 -279.519928
-0.000042 465.882751
1.010742 -493.729187
0.000000 484.798645
-1.010742 -490.463409
0.966797 345.717316
-0.966797 -272.826447
0.000008 400.539612
-1.010729 -371.380859
1.010734 255.837723
0.043945 -287.648773
1.010742 346.175903
2.021484 -401.907318
1.010723 245.998749
0.000000 -211.637741
2.021484 -81.380157
-0.000028 -33.681812
0.966761 327.453674
0.000000 -272.681915
2.021484 -93.562515
1.010684 -65.790825
1.977539 -115.391762
2.988281 -246.346466
1.977550 181.672211
1.010742 -443.939148
2.988254 -253.715790
1.010742 199.303970
1.977539 -502.197998
1.010720 338.237030
3.032227 -704.740234
2.021484 277.405060
2.988297 -793.352905
3.998990 219.345520
2.988272 -894.025635
2.021484 262.684357
3.999018 -887.635498
2.021484 201.464157
3.032247 -628.752075
2.021484 242.674042
3.999022 -900.960938
2.988281 133.503555
3.999023 -682.951050
4.965820 202.405121
3.999023 -973.566650
2.988281 133.371658
5.009773 -835.616089
2.988281 101.883316
3.999032 -760.918945
3.032227 75.158279
5.009758 -902.591003
3.999023 -45.481422
5.009750 -765.152222
6.020502 210.054245
5.009766 -958.996338
3.999023 -174.761887
5.976562 -585.296082
3.998995 -535.733643
4.965832 -145.232758
3.999023 -755.206909
5.976562 23.239178
5.009766 -752.708374
6.020483 145.799774
7.031245 -756.969360
6.020501 82.867699
5.009766 -957.698669
6.987305 188.706985
5.009769 -881.971436
5.976558 136.098282
5.009733 -948.713379
6.987305 240.975281
6.020493 -822.238464
6.987305 306.419434
7.998041 -728.436768
6.987305 72.506004
6.020508 -788.668823
7.998019 213.546875
6.020508 -756.717834
6.987305 143.969055
6.020504 -862.525940
7.998047 238.272583
6.987310 -656.124329
7.998047 318.284790
9.008789 -727.216736
7.998029 179.950256
7.031250 -876.132935
9.008762 117.981934
6.987305 -686.306702
7.998047 174.891342
7.031281 -754.754517
9.008783 139.907761
8.041992 -698.811584
9.008789 220.180740
9.975586 -925.953979
9.008789 129.075897
7.998047 -794.866333
9.975559 -230.483643
7.998039 -265.349792
9.008789 -375.213135
7.998047 -115.155533
9.975599 -697.226624
9.008789 63.230911
10.019531 -739.640259
10.986313 263.695496
9.975586 -898.846191
9.008789 175.011459
10.986328 -838.683411
9.008789 152.998520
10.019525 -930.172485
8.964852 118.807434
11.030268 -586.518005
10.019521 -77.765671
10.986336 -752.640747
11.997070 254.863342
11.030273 -960.548157
10.019531 70.631729
12.040998 -634.728455
10.019526 -17.985136
10.986328 -798.857300
9.975577 67.997986
11.997070 -856.775452
10.986318 19.528925
12.041016 -797.083740
13.007812 138.603455
11.997082 -830.051636
10.986304 44.281921
13.007812 -833.330750
10.986328 78.007019
11.997070 -813.571777
10.986328 46.792225
13.007812 -854.734497
11.997070 -15.494261
13.007810 -942.284607
14.018555 20.478550
13.007833 -992.325439
11.997064 8.701125
14.018540 -844.375732
11.997033 4.631321
13.007812 -966.783569
11.997084 101.222275
13.974623 -971.098022
13.007812 -83.291435
14.018555 -865.248901
14.985348 105.665100
14.018555 -1039.564087
13.007812 -66.856995
14.985352 -692.682739
13.007812 -113.250130
14.018555 -927.702576
13.007812 -83.792839
14.985352 -918.182983
13.974609 -127.640755
15.029297 -922.602905
15.996072 250.948944
14.985369 -911.829773
14.018556 -127.516541
16.040039 -931.732910
14.018555 -91.305740
15.029297 -944.504089
14.018555 -186.161407
16.040039 -678.867126
14.985329 -257.273560
15.996094 -645.104126
17.006834 162.335114
16.040039 -907.182312
14.985352 -142.676971
17.006798 -741.596558
14.985364 -188.899017
15.996083 -838.844666
14.985352 -208.371765
17.006836 -773.895996
15.996103 -30.093796
17.006836 -762.067566
18.017578 219.916199
16.962891 -764.438477
15.996093 4.068303
18.017578 -626.239563
15.996083 -8.043568
17.006836 -818.477783
15.996094 -137.716705
18.017578 -728.968201
17.006836 -93.046570
18.017578 -801.128418
19.028297 159.446182
18.017578 -985.696289
17.006836 12.572913
19.028303 -778.471985
16.962883 -5.333211
18.017580 -858.748108
17.006836 -71.960327
19.028320 -705.900635
18.017557 -45.211681
19.028315 -785.934448
19.995117 352.345551
18.984375 -914.400635
18.017578 4.312351
19.995131 -717.866516
18.017584 -110.800468
18.984385 -756.911499
17.973631 -35.538834
19.995150 -775.272583
18.984375 -54.092785
19.995117 -689.748535
21.005844 -8.567544
19.995117 -734.063354
18.984375 43.559586
21.005842 -1047.461060
18.984379 73.214348
19.995117 -851.067261
18.984375 82.833389
21.005859 -779.280762
19.995117 -52.210320
21.005859 -926.923279
21.972616 55.376976
21.005863 -1080.058716
19.995117 4.570441
22.016565 -1042.961304
19.995117 14.790564
21.049795 -1081.115845
19.995117 107.143974
22.016581 -978.932861
20.961895 -177.293015
22.016573 -1038.150146
22.983389 64.167496
22.016602 -1253.277710
21.005859 -60.634670
23.027344 -947.305542
21.005861 -149.783539
22.016594 -1105.517578
21.005859 -187.589417
23.027344 -1225.031250
22.016602 -102.993500
22.983383 -946.554016
23.994122 -49.080055
23.027357 -1132.719971
21.972656 -128.642410
23.994141 -1166.814697
22.016602 -195.362320
23.027355 -1152.935669
22.016602 -181.680115
23.994141 -1104.087769
22.983379 -226.737457
24.038086 -1147.579834
25.004883 -222.170273
23.994141 -1162.551392
22.983398 -183.386444
25.004869 -1116.492310
23.027340 -218.635162
23.994141 -1176.878784
22.983398 -178.434464
25.004831 -996.973816
23.994141 -426.215546
25.004883 -1111.909058
25.971680 -40.738136
25.004833 -1270.955566
23.994141 -238.914566
26.015625 -1014.826050
23.994141 -307.857727
25.004868 -1166.103638
23.994125 -280.730988
25.971640 -1206.404785
25.004862 -444.760071
26.015625 -990.482300
26.982422 -32.758602
26.015625 -1259.781128
24.960915 -317.916168
26.982382 -1181.081909
25.004881 -333.415863
26.015594 -1135.906860
24.960938 -336.803314
26.982422 -1009.257874
26.015614 -506.936951
27.026346 -928.001038
27.993164 109.027145
27.026333 -1483.701660
26.015614 -317.847992
27.993122 -1329.236450
26.015602 -170.739822
27.026367 -1285.870483
25.971661 -234.701248
28.037109 -968.980347
26.938477 -312.296143
27.993164 -757.332458
29.003906 33.245728
27.993126 -1337.798096
26.982422 -94.126831
29.003933 -1171.202515
27.026369 -192.130905
28.037109 -1419.646606
27.026375 -229.446182
29.003906 -1356.585205
27.993164 -65.624283
29.003927 -1164.325195
30.014648 214.399658
29.003902 -1322.064209
28.037109 -180.914398
